2022-08-07 01:03:37.237 CEST [1614] LOG:  starting PostgreSQL 14.4 on aarch64-apple-darwin20.6.0, compiled by Apple clang version 12.0.5 (clang-1205.0.22.9), 64-bit
2022-08-07 01:03:37.239 CEST [1614] LOG:  listening on IPv6 address "::1", port 5434
2022-08-07 01:03:37.239 CEST [1614] LOG:  listening on IPv4 address "127.0.0.1", port 5434
2022-08-07 01:03:37.239 CEST [1614] LOG:  listening on Unix socket "/tmp/.s.PGSQL.5434"
2022-08-07 01:03:37.240 CEST [1615] LOG:  database system was shut down at 2022-08-07 01:03:37 CEST
2022-08-07 01:03:37.242 CEST [1614] LOG:  database system is ready to accept connections
2022-08-07 01:05:12.756 CEST [1614] LOG:  received fast shutdown request
2022-08-07 01:05:12.756 CEST [1614] LOG:  aborting any active transactions
2022-08-07 01:05:12.758 CEST [1614] LOG:  background worker "logical replication launcher" (PID 1621) exited with exit code 1
2022-08-07 01:05:12.758 CEST [1616] LOG:  shutting down
2022-08-07 01:05:12.765 CEST [1614] LOG:  database system is shut down
2022-08-07 01:05:14.462 CEST [1656] LOG:  starting PostgreSQL 14.4 on aarch64-apple-darwin20.6.0, compiled by Apple clang version 12.0.5 (clang-1205.0.22.9), 64-bit
2022-08-07 01:05:14.464 CEST [1656] LOG:  listening on IPv6 address "::1", port 5434
2022-08-07 01:05:14.464 CEST [1656] LOG:  listening on IPv4 address "127.0.0.1", port 5434
2022-08-07 01:05:14.464 CEST [1656] LOG:  listening on Unix socket "/tmp/.s.PGSQL.5434"
2022-08-07 01:05:14.467 CEST [1657] LOG:  database system was shut down at 2022-08-07 01:05:12 CEST
2022-08-07 01:05:14.469 CEST [1656] LOG:  database system is ready to accept connections
2022-08-07 01:05:16.420 CEST [1656] LOG:  received fast shutdown request
2022-08-07 01:05:16.421 CEST [1656] LOG:  aborting any active transactions
2022-08-07 01:05:16.422 CEST [1656] LOG:  background worker "logical replication launcher" (PID 1663) exited with exit code 1
2022-08-07 01:05:16.422 CEST [1658] LOG:  shutting down
2022-08-07 01:05:16.428 CEST [1656] LOG:  database system is shut down
2022-08-08 14:12:57.765 CEST [3373] LOG:  starting PostgreSQL 14.4 on aarch64-apple-darwin20.6.0, compiled by Apple clang version 12.0.5 (clang-1205.0.22.9), 64-bit
2022-08-08 14:12:57.768 CEST [3373] LOG:  listening on IPv6 address "::1", port 5434
2022-08-08 14:12:57.768 CEST [3373] LOG:  listening on IPv4 address "127.0.0.1", port 5434
2022-08-08 14:12:57.769 CEST [3373] LOG:  listening on Unix socket "/tmp/.s.PGSQL.5434"
2022-08-08 14:12:57.774 CEST [3374] LOG:  database system was shut down at 2022-08-07 01:05:16 CEST
2022-08-08 14:12:57.778 CEST [3373] LOG:  database system is ready to accept connections
2022-08-08 14:15:58.507 CEST [3373] LOG:  received fast shutdown request
2022-08-08 14:15:58.507 CEST [3373] LOG:  aborting any active transactions
2022-08-08 14:15:58.509 CEST [3373] LOG:  background worker "logical replication launcher" (PID 3380) exited with exit code 1
2022-08-08 14:15:58.509 CEST [3375] LOG:  shutting down
2022-08-08 14:15:58.516 CEST [3373] LOG:  database system is shut down
2022-08-18 20:26:12.357 CEST [52237] LOG:  starting PostgreSQL 14.5 on aarch64-apple-darwin20.6.0, compiled by Apple clang version 12.0.5 (clang-1205.0.22.9), 64-bit
2022-08-18 20:26:12.372 CEST [52237] LOG:  listening on IPv6 address "::1", port 5434
2022-08-18 20:26:12.372 CEST [52237] LOG:  listening on IPv4 address "127.0.0.1", port 5434
2022-08-18 20:26:12.372 CEST [52237] LOG:  listening on Unix socket "/tmp/.s.PGSQL.5434"
2022-08-18 20:26:12.377 CEST [52239] LOG:  database system was shut down at 2022-08-08 14:15:58 CEST
2022-08-18 20:26:12.382 CEST [52237] LOG:  database system is ready to accept connections
2022-08-18 20:26:34.495 CEST [52237] LOG:  received fast shutdown request
2022-08-18 20:26:34.495 CEST [52237] LOG:  aborting any active transactions
2022-08-18 20:26:34.496 CEST [52237] LOG:  background worker "logical replication launcher" (PID 52245) exited with exit code 1
2022-08-18 20:26:34.496 CEST [52240] LOG:  shutting down
2022-08-18 20:26:34.499 CEST [52237] LOG:  database system is shut down
2022-08-19 23:47:27.285 CEST [68388] LOG:  starting PostgreSQL 14.5 on aarch64-apple-darwin20.6.0, compiled by Apple clang version 12.0.5 (clang-1205.0.22.9), 64-bit
2022-08-19 23:47:27.287 CEST [68388] LOG:  listening on IPv6 address "::1", port 5434
2022-08-19 23:47:27.287 CEST [68388] LOG:  listening on IPv4 address "127.0.0.1", port 5434
2022-08-19 23:47:27.287 CEST [68388] LOG:  listening on Unix socket "/tmp/.s.PGSQL.5434"
2022-08-19 23:47:27.301 CEST [68389] LOG:  database system was shut down at 2022-08-18 20:26:34 CEST
2022-08-19 23:47:27.307 CEST [68388] LOG:  database system is ready to accept connections
2022-08-19 23:47:33.886 CEST [68388] LOG:  received fast shutdown request
2022-08-19 23:47:33.886 CEST [68388] LOG:  aborting any active transactions
2022-08-19 23:47:33.890 CEST [68388] LOG:  background worker "logical replication launcher" (PID 68395) exited with exit code 1
2022-08-19 23:47:33.891 CEST [68390] LOG:  shutting down
2022-08-19 23:47:33.900 CEST [68388] LOG:  database system is shut down
2022-08-19 23:47:48.597 CEST [68437] LOG:  starting PostgreSQL 14.5 on aarch64-apple-darwin20.6.0, compiled by Apple clang version 12.0.5 (clang-1205.0.22.9), 64-bit
2022-08-19 23:47:48.600 CEST [68437] LOG:  listening on IPv6 address "::1", port 5434
2022-08-19 23:47:48.600 CEST [68437] LOG:  listening on IPv4 address "127.0.0.1", port 5434
2022-08-19 23:47:48.600 CEST [68437] LOG:  listening on Unix socket "/tmp/.s.PGSQL.5434"
2022-08-19 23:47:48.604 CEST [68438] LOG:  database system was shut down at 2022-08-19 23:47:33 CEST
2022-08-19 23:47:48.607 CEST [68437] LOG:  database system is ready to accept connections
2022-08-19 23:48:14.157 CEST [68437] LOG:  received fast shutdown request
2022-08-19 23:48:14.157 CEST [68437] LOG:  aborting any active transactions
2022-08-19 23:48:14.159 CEST [68437] LOG:  background worker "logical replication launcher" (PID 68444) exited with exit code 1
2022-08-19 23:48:14.159 CEST [68439] LOG:  shutting down
2022-08-19 23:48:14.166 CEST [68437] LOG:  database system is shut down
2022-08-19 23:48:19.821 CEST [68465] LOG:  starting PostgreSQL 14.5 on aarch64-apple-darwin20.6.0, compiled by Apple clang version 12.0.5 (clang-1205.0.22.9), 64-bit
2022-08-19 23:48:19.823 CEST [68465] LOG:  listening on IPv6 address "::1", port 5432
2022-08-19 23:48:19.823 CEST [68465] LOG:  listening on IPv4 address "127.0.0.1", port 5432
2022-08-19 23:48:19.824 CEST [68465] LOG:  listening on Unix socket "/tmp/.s.PGSQL.5432"
2022-08-19 23:48:19.827 CEST [68466] LOG:  database system was shut down at 2022-08-19 23:48:14 CEST
2022-08-19 23:48:19.829 CEST [68465] LOG:  database system is ready to accept connections
2022-08-19 23:48:21.973 CEST [68474] FATAL:  database "portfolio" does not exist
2022-08-19 23:48:21.986 CEST [68475] FATAL:  database "portfolio" does not exist
2022-08-19 23:48:23.812 CEST [68479] FATAL:  database "portfolio" does not exist
2022-08-19 23:48:23.819 CEST [68480] FATAL:  database "portfolio" does not exist
2022-08-19 23:48:31.682 CEST [68465] LOG:  received fast shutdown request
2022-08-19 23:48:31.682 CEST [68465] LOG:  aborting any active transactions
2022-08-19 23:48:31.683 CEST [68465] LOG:  background worker "logical replication launcher" (PID 68472) exited with exit code 1
2022-08-19 23:48:31.683 CEST [68467] LOG:  shutting down
2022-08-19 23:48:31.686 CEST [68467] LOG:  request to flush past end of generated WAL; request 0/172BB38, current position 0/1720290
2022-08-19 23:48:31.686 CEST [68467] CONTEXT:  writing block 1 of relation global/2671
2022-08-19 23:48:31.686 CEST [68467] FATAL:  xlog flush request 0/172BB38 is not satisfied --- flushed only to 0/1720290
2022-08-19 23:48:31.686 CEST [68467] CONTEXT:  writing block 1 of relation global/2671
2022-08-19 23:48:31.687 CEST [68465] LOG:  checkpointer process (PID 68467) exited with exit code 1
2022-08-19 23:48:31.687 CEST [68465] LOG:  terminating any other active server processes
2022-08-19 23:48:31.689 CEST [68465] LOG:  abnormal database system shutdown
2022-08-19 23:48:31.690 CEST [68465] LOG:  database system is shut down
2022-08-19 23:48:57.697 CEST [68509] LOG:  starting PostgreSQL 14.5 on aarch64-apple-darwin20.6.0, compiled by Apple clang version 12.0.5 (clang-1205.0.22.9), 64-bit
2022-08-19 23:48:57.699 CEST [68509] LOG:  listening on IPv6 address "::1", port 5432
2022-08-19 23:48:57.699 CEST [68509] LOG:  listening on IPv4 address "127.0.0.1", port 5432
2022-08-19 23:48:57.699 CEST [68509] LOG:  listening on Unix socket "/tmp/.s.PGSQL.5432"
2022-08-19 23:48:57.702 CEST [68510] LOG:  database system shutdown was interrupted; last known up at 2022-08-19 23:48:31 CEST
2022-08-19 23:48:57.771 CEST [68510] LOG:  database system was not properly shut down; automatic recovery in progress
2022-08-19 23:48:57.773 CEST [68510] LOG:  invalid record length at 0/1720290: wanted 24, got 0
2022-08-19 23:48:57.773 CEST [68510] LOG:  redo is not required
2022-08-19 23:48:57.778 CEST [68509] LOG:  database system is ready to accept connections
2022-08-19 23:49:06.504 CEST [68509] LOG:  received fast shutdown request
2022-08-19 23:49:06.504 CEST [68509] LOG:  aborting any active transactions
2022-08-19 23:49:06.506 CEST [68509] LOG:  background worker "logical replication launcher" (PID 68517) exited with exit code 1
2022-08-19 23:49:06.506 CEST [68512] LOG:  shutting down
2022-08-19 23:49:06.512 CEST [68509] LOG:  database system is shut down
2022-08-22 00:18:57.592 CEST [73831] LOG:  starting PostgreSQL 14.5 on aarch64-apple-darwin20.6.0, compiled by Apple clang version 12.0.5 (clang-1205.0.22.9), 64-bit
2022-08-22 00:18:57.593 CEST [73831] LOG:  listening on IPv6 address "::1", port 5432
2022-08-22 00:18:57.593 CEST [73831] LOG:  listening on IPv4 address "127.0.0.1", port 5432
2022-08-22 00:18:57.593 CEST [73831] LOG:  listening on Unix socket "/tmp/.s.PGSQL.5432"
2022-08-22 00:18:57.600 CEST [73832] LOG:  database system was shut down at 2022-08-19 23:49:06 CEST
2022-08-22 00:18:57.603 CEST [73831] LOG:  database system is ready to accept connections
2022-08-22 00:19:00.674 CEST [73831] LOG:  received fast shutdown request
2022-08-22 00:19:00.675 CEST [73831] LOG:  aborting any active transactions
2022-08-22 00:19:00.676 CEST [73831] LOG:  background worker "logical replication launcher" (PID 73838) exited with exit code 1
2022-08-22 00:19:00.676 CEST [73833] LOG:  shutting down
2022-08-22 00:19:00.681 CEST [73831] LOG:  database system is shut down
2022-09-18 14:20:22.517 CEST [82779] LOG:  starting PostgreSQL 14.5 on aarch64-apple-darwin20.6.0, compiled by Apple clang version 12.0.5 (clang-1205.0.22.9), 64-bit
2022-09-18 14:20:22.519 CEST [82779] LOG:  listening on IPv6 address "::1", port 5432
2022-09-18 14:20:22.519 CEST [82779] LOG:  listening on IPv4 address "127.0.0.1", port 5432
2022-09-18 14:20:22.519 CEST [82779] LOG:  listening on Unix socket "/tmp/.s.PGSQL.5432"
2022-09-18 14:20:22.525 CEST [82780] LOG:  database system was shut down at 2022-08-22 00:19:00 CEST
2022-09-18 14:20:22.529 CEST [82779] LOG:  database system is ready to accept connections
2022-09-18 23:57:47.970 CEST [83835] FATAL:  database "portfolio" does not exist
2022-09-18 23:57:47.994 CEST [83836] FATAL:  database "portfolio" does not exist
2022-09-18 23:57:54.731 CEST [82779] LOG:  received fast shutdown request
2022-09-18 23:57:54.731 CEST [82779] LOG:  aborting any active transactions
2022-09-18 23:57:54.733 CEST [82779] LOG:  background worker "logical replication launcher" (PID 82786) exited with exit code 1
2022-09-18 23:57:54.733 CEST [82781] LOG:  shutting down
2022-09-18 23:57:54.737 CEST [82781] LOG:  request to flush past end of generated WAL; request 0/172BB38, current position 0/1720518
2022-09-18 23:57:54.737 CEST [82781] CONTEXT:  writing block 1 of relation global/2671
2022-09-18 23:57:54.737 CEST [82781] FATAL:  xlog flush request 0/172BB38 is not satisfied --- flushed only to 0/1720518
2022-09-18 23:57:54.737 CEST [82781] CONTEXT:  writing block 1 of relation global/2671
2022-09-18 23:57:54.738 CEST [82779] LOG:  checkpointer process (PID 82781) exited with exit code 1
2022-09-18 23:57:54.738 CEST [82779] LOG:  terminating any other active server processes
2022-09-18 23:57:54.740 CEST [82779] LOG:  abnormal database system shutdown
2022-09-18 23:57:54.742 CEST [82779] LOG:  database system is shut down
2022-09-19 00:03:43.490 CEST [85463] LOG:  starting PostgreSQL 14.5 on aarch64-apple-darwin20.6.0, compiled by Apple clang version 12.0.5 (clang-1205.0.22.9), 64-bit
2022-09-19 00:03:43.492 CEST [85463] LOG:  listening on IPv6 address "::1", port 5432
2022-09-19 00:03:43.492 CEST [85463] LOG:  listening on IPv4 address "127.0.0.1", port 5432
2022-09-19 00:03:43.492 CEST [85463] LOG:  listening on Unix socket "/tmp/.s.PGSQL.5432"
2022-09-19 00:03:43.497 CEST [85464] LOG:  database system shutdown was interrupted; last known up at 2022-09-18 23:57:54 CEST
2022-09-19 00:03:43.584 CEST [85464] LOG:  database system was not properly shut down; automatic recovery in progress
2022-09-19 00:03:43.587 CEST [85464] LOG:  redo starts at 0/1720430
2022-09-19 00:03:43.587 CEST [85464] LOG:  invalid record length at 0/1720518: wanted 24, got 0
2022-09-19 00:03:43.587 CEST [85464] LOG:  redo done at 0/17204E0 system usage: CPU: user: 0.00 s, system: 0.00 s, elapsed: 0.00 s
2022-09-19 00:03:43.594 CEST [85463] LOG:  database system is ready to accept connections
2022-09-19 00:04:06.767 CEST [85463] LOG:  received fast shutdown request
2022-09-19 00:04:06.768 CEST [85463] LOG:  aborting any active transactions
2022-09-19 00:04:06.769 CEST [85463] LOG:  background worker "logical replication launcher" (PID 85470) exited with exit code 1
2022-09-19 00:04:06.770 CEST [85465] LOG:  shutting down
2022-09-19 00:04:06.776 CEST [85463] LOG:  database system is shut down
2022-09-19 00:04:26.596 CEST [85606] LOG:  starting PostgreSQL 14.5 on aarch64-apple-darwin20.6.0, compiled by Apple clang version 12.0.5 (clang-1205.0.22.9), 64-bit
2022-09-19 00:04:26.598 CEST [85606] LOG:  listening on IPv6 address "::1", port 5432
2022-09-19 00:04:26.598 CEST [85606] LOG:  listening on IPv4 address "127.0.0.1", port 5432
2022-09-19 00:04:26.598 CEST [85606] LOG:  listening on Unix socket "/tmp/.s.PGSQL.5432"
2022-09-19 00:04:26.602 CEST [85607] LOG:  database system was shut down at 2022-09-19 00:04:06 CEST
2022-09-19 00:04:26.605 CEST [85606] LOG:  database system is ready to accept connections
2022-09-19 00:04:29.337 CEST [85616] FATAL:  database "portfolio" does not exist
2022-09-19 00:04:29.378 CEST [85617] FATAL:  database "portfolio" does not exist
2022-09-19 00:04:32.902 CEST [85618] FATAL:  database "portfolio" does not exist
2022-09-19 00:04:32.908 CEST [85619] FATAL:  database "portfolio" does not exist
2022-09-19 00:04:35.641 CEST [85606] LOG:  received fast shutdown request
2022-09-19 00:04:35.642 CEST [85606] LOG:  aborting any active transactions
2022-09-19 00:04:35.643 CEST [85606] LOG:  background worker "logical replication launcher" (PID 85613) exited with exit code 1
2022-09-19 00:04:35.643 CEST [85608] LOG:  shutting down
2022-09-19 00:04:35.644 CEST [85608] LOG:  request to flush past end of generated WAL; request 0/172BB38, current position 0/1720640
2022-09-19 00:04:35.644 CEST [85608] CONTEXT:  writing block 1 of relation global/2671
2022-09-19 00:04:35.644 CEST [85608] FATAL:  xlog flush request 0/172BB38 is not satisfied --- flushed only to 0/1720640
2022-09-19 00:04:35.644 CEST [85608] CONTEXT:  writing block 1 of relation global/2671
2022-09-19 00:04:35.645 CEST [85606] LOG:  checkpointer process (PID 85608) exited with exit code 1
2022-09-19 00:04:35.645 CEST [85606] LOG:  terminating any other active server processes
2022-09-19 00:04:35.646 CEST [85606] LOG:  abnormal database system shutdown
2022-09-19 00:04:35.646 CEST [85606] LOG:  database system is shut down
